-------------------------------------------------------------------------------
Test set: com.marinho.libraryapi.LibraryApiApplicationTests
-------------------------------------------------------------------------------
Tests run: 1, Failures: 0, Errors: 1, Skipped: 0, Time elapsed: 2.019 s <<< FAILURE! - in com.marinho.libraryapi.LibraryApiApplicationTests
contextLoads  Time elapsed: 0.001 s  <<< ERROR!
java.lang.IllegalStateException: Failed to load ApplicationContext
Caused by: org.springframework.beans.factory.UnsatisfiedDependencyException: Error creating bean with name 'bookController' defined in file [C:\Users\tiago.lima\Documents\Projetos\Pessoal\library-api\target\classes\com\marinho\libraryapi\api\resource\BookController.class]: Unsatisfied dependency expressed through constructor parameter 0; nested exception is org.springframework.beans.factory.NoSuchBeanDefinitionException: No qualifying bean of type 'com.marinho.libraryapi.service.BookService' available: expected at least 1 bean which qualifies as autowire candidate. Dependency annotations: {}
Caused by: org.springframework.beans.factory.NoSuchBeanDefinitionException: No qualifying bean of type 'com.marinho.libraryapi.service.BookService' available: expected at least 1 bean which qualifies as autowire candidate. Dependency annotations: {}

